2/5/2023 6:16:28 AM              1 Information      Process Create:                                                    
                                                    RuleName: -                                                        
                                                    UtcTime: 2023-02-05 06:16:28.978                                   
                                                    ProcessGuid: {70d418e8-49bc-63df-8100-000000002a02}                
                                                    ProcessId: 3144                                                    
                                                    Image: C:\Windows\System32\auditpol.exe                            
                                                    FileVersion: 10.0.17763.1 (WinBuild.160101.0800)                   
                                                    Description: Audit Policy Program                                  
                                                    Product: Microsoft® Windows® Operating System                      
                                                    Company: Microsoft Corporation                                     
                                                    OriginalFileName: AUDITPOL.EXE                                     
                                                    CommandLine: "C:\Windows\system32\auditpol.exe" /set               
                                                    "/subcategory:Process Creation" /success:Enable                    
                                                    CurrentDirectory: C:\Sysmon\Sysmon\                                
                                                    User: EC2AMAZ-EHG2C8M\Administrator                                
                                                    LogonGuid: {70d418e8-4991-63df-d2c8-200000000000}                  
                                                    LogonId: 0x20C8D2                                                  
                                                    TerminalSessionId: 0                                               
                                                    IntegrityLevel: High                                               
                                                    Hashes: MD5=F97C0041886519CEAE336B06AEBFC9E1,SHA256=969306E33A46909
                                                    6EFA20BEE264FB37AC4DA86899F2659007D6BE0D1EB666B1C,IMPHASH=D401223A6
                                                    3DBFDCD11C945B9EEE0BD7E                                            
                                                    ParentProcessGuid: {70d418e8-49b5-63df-7600-000000002a02}          
                                                    ParentProcessId: 1344                                              
                                                    ParentImage:                                                       
                                                    C:\Windows\System32\WindowsPowerShell\v1.0\powershell.exe          
                                                    ParentCommandLine: powershell.exe  -File ".\scripts\Setup.ps1"     
                                                    ParentUser: EC2AMAZ-EHG2C8M\Administrator                          
2/5/2023 6:16:27 AM              1 Information      Process Create:                                                    
                                                    RuleName: -                                                        
                                                    UtcTime: 2023-02-05 06:16:27.912                                   
                                                    ProcessGuid: {70d418e8-49bb-63df-7f00-000000002a02}                
                                                    ProcessId: 2148                                                    
                                                    Image: C:\Windows\System32\wbem\unsecapp.exe                       
                                                    FileVersion: 10.0.17763.1 (WinBuild.160101.0800)                   
                                                    Description: Sink to receive asynchronous callbacks for WMI client 
                                                    application                                                        
                                                    Product: Microsoft® Windows® Operating System                      
                                                    Company: Microsoft Corporation                                     
                                                    OriginalFileName: unsecapp.dll                                     
                                                    CommandLine: C:\Windows\system32\wbem\unsecapp.exe -Embedding      
                                                    CurrentDirectory: C:\Windows\system32\                             
                                                    User: NT AUTHORITY\SYSTEM                                          
                                                    LogonGuid: {70d418e8-4939-63df-e703-000000000000}                  
                                                    LogonId: 0x3E7                                                     
                                                    TerminalSessionId: 0                                               
                                                    IntegrityLevel: System                                             
                                                    Hashes: MD5=8B0E699F01BDD3B9AD741D1BD7343248,SHA256=8095D4D7726438F
                                                    8665E00C1A405AB94DB6358DC14740783795CF8617A64F19E,IMPHASH=9E0E0DA3F
                                                    F0E183298AEDC6F7ECB7E05                                            
                                                    ParentProcessGuid: {70d418e8-493a-63df-0d00-000000002a02}          
                                                    ParentProcessId: 868                                               
                                                    ParentImage: C:\Windows\System32\svchost.exe                       
                                                    ParentCommandLine: C:\Windows\system32\svchost.exe -k DcomLaunch -p
                                                    ParentUser: NT AUTHORITY\SYSTEM                                    
2/5/2023 6:16:27 AM              1 Information      Process Create:                                                    
                                                    RuleName: -                                                        
                                                    UtcTime: 2023-02-05 06:16:27.751                                   
                                                    ProcessGuid: {70d418e8-49bb-63df-7e00-000000002a02}                
                                                    ProcessId: 1060                                                    
                                                    Image: C:\Windows\Sysmon64.exe                                     
                                                    FileVersion: 14.14                                                 
                                                    Description: System activity monitor                               
                                                    Product: Sysinternals Sysmon                                       
                                                    Company: Sysinternals - www.sysinternals.com                       
                                                    OriginalFileName: -                                                
                                                    CommandLine: C:\Windows\Sysmon64.exe                               
                                                    CurrentDirectory: C:\Windows\system32\                             
                                                    User: NT AUTHORITY\SYSTEM                                          
                                                    LogonGuid: {70d418e8-4939-63df-e703-000000000000}                  
                                                    LogonId: 0x3E7                                                     
                                                    TerminalSessionId: 0                                               
                                                    IntegrityLevel: System                                             
                                                    Hashes: MD5=B0084FADD62D9B232B8E0E01CE076743,SHA256=7108EC59A69D858
                                                    BFB3F6034C4812C2D7EC348ECC952FD30C65A913C17F68E35,IMPHASH=98203EA00
                                                    48BA4CC6C49D812B34C8BE5                                            
                                                    ParentProcessGuid: {70d418e8-4938-63df-0b00-000000002a02}          
                                                    ParentProcessId: 756                                               
                                                    ParentImage: C:\Windows\System32\services.exe                      
                                                    ParentCommandLine: C:\Windows\system32\services.exe                
                                                    ParentUser: NT AUTHORITY\SYSTEM                                    
2/5/2023 6:16:27 AM              4 Information      Sysmon service state changed:                                      
                                                    UtcTime: 2023-02-05 06:16:27.959                                   
                                                    State: Started                                                     
                                                    Version: 14.14                                                     
                                                    SchemaVersion: 4.83                                                
2/5/2023 6:16:27 AM             16 Information      Sysmon config state changed:                                       
                                                    UtcTime: 2023-02-05 06:16:27.693                                   
                                                    Configuration: C:\Sysmon\Sysmon\sysmonconfig-export.xml            
                                                    ConfigurationFileHash: SHA256=055FEBC600E6D7448CDF3812307275912927A
                                                    62B1F94D0D933B64B294BC87162                                        



